<?xml version="1.0" encoding="UTF-8"?>
<!-- Generated by org.testng.reporters.JUnitXMLReporter -->
<testsuite hostname="DESKTOP-9RVS270" ignored="0" name="Test" tests="10" failures="2" timestamp="2020-07-07T22:50:59 IST" time="166.166" errors="0">
  <testcase name="validatelogindetails" time="1.492" classname="com.skillassure.happytrip.tests.ScheduleFlightTestCase1"/>
  <testcase name="validateFlightSelect" time="2.183" classname="com.skillassure.happytrip.tests.ScheduleFlightTestCase2"/>
  <testcase name="validateroutesdetails" time="2.184" classname="com.skillassure.happytrip.tests.ScheduleFlightTestCase3"/>
  <testcase name="validatedistance" time="3.593" classname="com.skillassure.happytrip.tests.ScheduleFlightTestCase4"/>
  <testcase name="ValidatedepartureDate" time="22.279" classname="com.skillassure.happytrip.tests.ScheduleFlightTestCase5">
    <failure type="java.lang.NoClassDefFoundError" message="com/sun/mail/util/MailLogger">
      <![CDATA[java.lang.NoClassDefFoundError: com/sun/mail/util/MailLogger
at javax.mail.Session.initLogger(Session.java:230)
at javax.mail.Session.<init>(Session.java:214)
at javax.mail.Session.getDefaultInstance(Session.java:325)
at javax.mail.Session.getDefaultInstance(Session.java:365)
at com.skillassure.happytrip.utils.SendMailSSLWithAttachment.fail(SendMailSSLWithAttachment.java:32)
at com.skillassure.happytrip.utils.WebEventListener.onException(WebEventListener.java:60)
at org.openqa.selenium.support.events.EventFiringWebDriver.lambda$new$0(EventFiringWebDriver.java:84)
at com.sun.proxy.$Proxy24.onException(Unknown Source)
at org.openqa.selenium.support.events.EventFiringWebDriver.lambda$new$1(EventFiringWebDriver.java:107)
at com.sun.proxy.$Proxy25.findElement(Unknown Source)
at org.openqa.selenium.support.events.EventFiringWebDriver.findElement(EventFiringWebDriver.java:194)
at org.openqa.selenium.support.pagefactory.DefaultElementLocator.findElement(DefaultElementLocator.java:69)
at org.openqa.selenium.support.pagefactory.internal.LocatingElementHandler.invoke(LocatingElementHandler.java:38)
at com.sun.proxy.$Proxy29.getTagName(Unknown Source)
at org.openqa.selenium.support.ui.Select.<init>(Select.java:45)
at com.skillassure.happytrip.pages.FillScheduleFlightDetails.selectFlight(FillScheduleFlightDetails.java:96)
at com.skillassure.happytrip.pages.FillScheduleFlightDetails.selectdeparturedate(FillScheduleFlightDetails.java:183)
at com.skillassure.happytrip.tests.ScheduleFlightTestCase5.ValidatedepartureDate(ScheduleFlightTestCase5.java:43)
at java.util.ArrayList.forEach(Unknown Source)
Caused by: java.lang.ClassNotFoundException: com.sun.mail.util.MailLogger
at java.net.URLClassLoader.findClass(Unknown Source)
at java.lang.ClassLoader.loadClass(Unknown Source)
at sun.misc.Launcher$AppClassLoader.loadClass(Unknown Source)
at java.lang.ClassLoader.loadClass(Unknown Source)
... 50 more
... Removed 31 stack frames]]>
    </failure>
  </testcase> <!-- ValidatedepartureDate -->
  <testcase name="ValidatedepartureTime" time="2.928" classname="com.skillassure.happytrip.tests.ScheduleFlightTestCase6"/>
  <testcase name="validatearrivaldate" time="3.233" classname="com.skillassure.happytrip.tests.ScheduleFlightTestCase7"/>
  <testcase name="Validatearrivaltime" time="3.629" classname="com.skillassure.happytrip.tests.ScheduleFlightTestCase8"/>
  <testcase name="Validatebusinessfill" time="3.975" classname="com.skillassure.happytrip.tests.ScheduleFlightTestCase9"/>
  <testcase name="Validatesignupbutton" time="24.439" classname="com.skillassure.happytrip.tests.ScheduleFlightTestCase10">
    <failure type="java.lang.NoClassDefFoundError" message="com/sun/mail/util/MailLogger">
      <![CDATA[java.lang.NoClassDefFoundError: com/sun/mail/util/MailLogger
at javax.mail.Session.initLogger(Session.java:230)
at javax.mail.Session.<init>(Session.java:214)
at javax.mail.Session.getDefaultInstance(Session.java:325)
at javax.mail.Session.getDefaultInstance(Session.java:365)
at com.skillassure.happytrip.utils.SendMailSSLWithAttachment.fail(SendMailSSLWithAttachment.java:32)
at com.skillassure.happytrip.utils.WebEventListener.onException(WebEventListener.java:60)
at org.openqa.selenium.support.events.EventFiringWebDriver.lambda$new$0(EventFiringWebDriver.java:84)
at com.sun.proxy.$Proxy24.onException(Unknown Source)
at org.openqa.selenium.support.events.EventFiringWebDriver.lambda$new$1(EventFiringWebDriver.java:107)
at com.sun.proxy.$Proxy25.findElement(Unknown Source)
at org.openqa.selenium.support.events.EventFiringWebDriver.findElement(EventFiringWebDriver.java:194)
at org.openqa.selenium.support.pagefactory.DefaultElementLocator.findElement(DefaultElementLocator.java:69)
at org.openqa.selenium.support.pagefactory.internal.LocatingElementHandler.invoke(LocatingElementHandler.java:38)
at com.sun.proxy.$Proxy29.click(Unknown Source)
at com.skillassure.happytrip.pages.FillScheduleFlightDetails.add(FillScheduleFlightDetails.java:152)
at com.skillassure.happytrip.pages.FillScheduleFlightDetails.fillscheduledata(FillScheduleFlightDetails.java:251)
at com.skillassure.happytrip.tests.ScheduleFlightTestCase10.Validatesignupbutton(ScheduleFlightTestCase10.java:43)
at java.util.ArrayList.forEach(Unknown Source)
... Removed 31 stack frames]]>
    </failure>
  </testcase> <!-- Validatesignupbutton -->
</testsuite> <!-- Test -->
