<?xml version="1.0" encoding="UTF-8"?>
<testng-results skipped="0" failed="1" ignored="0" total="10" passed="9">
  <reporter-output>
  </reporter-output>
  <suite name="Suite" duration-ms="139424" started-at="2020-07-07T00:30:36 IST" finished-at="2020-07-07T00:32:56 IST">
    <groups>
    </groups>
    <test name="Test" duration-ms="139424" started-at="2020-07-07T00:30:36 IST" finished-at="2020-07-07T00:32:56 IST">
      <class name="com.skillassure.happytrip.tests.ScheduleFlightTestCase1">
        <test-method status="PASS" signature="setup()[pri:0, instance:com.skillassure.happytrip.tests.ScheduleFlightTestCase1@291caca8]" name="setup" is-config="true" duration-ms="9561" started-at="2020-07-07T00:30:38 IST" finished-at="2020-07-07T00:30:47 IST">
          <reporter-output>
          </reporter-output>
        </test-method> <!-- setup -->
        <test-method status="PASS" signature="validatelogindetails(java.lang.String, java.lang.String)[pri:0, instance:com.skillassure.happytrip.tests.ScheduleFlightTestCase1@291caca8]" name="validatelogindetails" duration-ms="1973" started-at="2020-07-07T00:30:47 IST" data-provider="getexceldata" finished-at="2020-07-07T00:30:49 IST">
          <params>
            <param index="0">
              <value>
                <![CDATA[admin@mindtree.com]]>
              </value>
            </param>
            <param index="1">
              <value>
                <![CDATA[admin]]>
              </value>
            </param>
          </params>
          <reporter-output>
          </reporter-output>
        </test-method> <!-- validatelogindetails -->
        <test-method status="PASS" signature="teardown()[pri:0, instance:com.skillassure.happytrip.tests.ScheduleFlightTestCase1@291caca8]" name="teardown" is-config="true" duration-ms="1255" started-at="2020-07-07T00:30:49 IST" finished-at="2020-07-07T00:30:51 IST">
          <reporter-output>
          </reporter-output>
        </test-method> <!-- teardown -->
      </class> <!-- com.skillassure.happytrip.tests.ScheduleFlightTestCase1 -->
      <class name="com.skillassure.happytrip.tests.ScheduleFlightTestCase6">
        <test-method status="PASS" signature="setup()[pri:0, instance:com.skillassure.happytrip.tests.ScheduleFlightTestCase6@f79e]" name="setup" is-config="true" duration-ms="7292" started-at="2020-07-07T00:31:36 IST" finished-at="2020-07-07T00:31:43 IST">
          <reporter-output>
          </reporter-output>
        </test-method> <!-- setup -->
        <test-method status="PASS" signature="ValidatedepartureTime(java.lang.String, java.lang.String, java.lang.String, java.lang.String, java.lang.String, java.lang.String, java.lang.String)[pri:0, instance:com.skillassure.happytrip.tests.ScheduleFlightTestCase6@f79e]" name="ValidatedepartureTime" duration-ms="3483" started-at="2020-07-07T00:31:43 IST" data-provider="getexceldata" finished-at="2020-07-07T00:31:47 IST">
          <params>
            <param index="0">
              <value>
                <![CDATA[admin@mindtree.com]]>
              </value>
            </param>
            <param index="1">
              <value>
                <![CDATA[admin]]>
              </value>
            </param>
            <param index="2">
              <value>
                <![CDATA[AirAsia]]>
              </value>
            </param>
            <param index="3">
              <value>
                <![CDATA[Mandhya (Karnataka) - Coimbatore (Tamil Nadu)]]>
              </value>
            </param>
            <param index="4">
              <value>
                <![CDATA[3000]]>
              </value>
            </param>
            <param index="5">
              <value>
                <![CDATA[07/09/2020]]>
              </value>
            </param>
            <param index="6">
              <value>
                <![CDATA[05:00]]>
              </value>
            </param>
          </params>
          <reporter-output>
          </reporter-output>
        </test-method> <!-- ValidatedepartureTime -->
        <test-method status="PASS" signature="teardown()[pri:0, instance:com.skillassure.happytrip.tests.ScheduleFlightTestCase6@f79e]" name="teardown" is-config="true" duration-ms="842" started-at="2020-07-07T00:31:47 IST" finished-at="2020-07-07T00:31:48 IST">
          <reporter-output>
          </reporter-output>
        </test-method> <!-- teardown -->
      </class> <!-- com.skillassure.happytrip.tests.ScheduleFlightTestCase6 -->
      <class name="com.skillassure.happytrip.tests.ScheduleFlightTestCase7">
        <test-method status="PASS" signature="setup()[pri:0, instance:com.skillassure.happytrip.tests.ScheduleFlightTestCase7@7ee8290b]" name="setup" is-config="true" duration-ms="7103" started-at="2020-07-07T00:31:48 IST" finished-at="2020-07-07T00:31:55 IST">
          <reporter-output>
          </reporter-output>
        </test-method> <!-- setup -->
        <test-method status="PASS" signature="validatearrivaldate(java.lang.String, java.lang.String, java.lang.String, java.lang.String, java.lang.String, java.lang.String, java.lang.String, java.lang.String)[pri:0, instance:com.skillassure.happytrip.tests.ScheduleFlightTestCase7@7ee8290b]" name="validatearrivaldate" duration-ms="3396" started-at="2020-07-07T00:31:55 IST" data-provider="getexceldata" finished-at="2020-07-07T00:31:58 IST">
          <params>
            <param index="0">
              <value>
                <![CDATA[admin@mindtree.com]]>
              </value>
            </param>
            <param index="1">
              <value>
                <![CDATA[admin]]>
              </value>
            </param>
            <param index="2">
              <value>
                <![CDATA[AirAsia]]>
              </value>
            </param>
            <param index="3">
              <value>
                <![CDATA[Mandhya (Karnataka) - Coimbatore (Tamil Nadu)]]>
              </value>
            </param>
            <param index="4">
              <value>
                <![CDATA[3000]]>
              </value>
            </param>
            <param index="5">
              <value>
                <![CDATA[07/09/2020]]>
              </value>
            </param>
            <param index="6">
              <value>
                <![CDATA[05:00]]>
              </value>
            </param>
            <param index="7">
              <value>
                <![CDATA[07/10/2020]]>
              </value>
            </param>
          </params>
          <reporter-output>
          </reporter-output>
        </test-method> <!-- validatearrivaldate -->
        <test-method status="PASS" signature="teardown()[pri:0, instance:com.skillassure.happytrip.tests.ScheduleFlightTestCase7@7ee8290b]" name="teardown" is-config="true" duration-ms="882" started-at="2020-07-07T00:31:58 IST" finished-at="2020-07-07T00:31:59 IST">
          <reporter-output>
          </reporter-output>
        </test-method> <!-- teardown -->
      </class> <!-- com.skillassure.happytrip.tests.ScheduleFlightTestCase7 -->
      <class name="com.skillassure.happytrip.tests.ScheduleFlightTestCase8">
        <test-method status="PASS" signature="setup()[pri:0, instance:com.skillassure.happytrip.tests.ScheduleFlightTestCase8@1f59a598]" name="setup" is-config="true" duration-ms="6933" started-at="2020-07-07T00:31:59 IST" finished-at="2020-07-07T00:32:06 IST">
          <reporter-output>
          </reporter-output>
        </test-method> <!-- setup -->
        <test-method status="PASS" signature="Validatearrivaltime(java.lang.String, java.lang.String, java.lang.String, java.lang.String, java.lang.String, java.lang.String, java.lang.String, java.lang.String, java.lang.String)[pri:0, instance:com.skillassure.happytrip.tests.ScheduleFlightTestCase8@1f59a598]" name="Validatearrivaltime" duration-ms="3701" started-at="2020-07-07T00:32:06 IST" data-provider="getexceldata" finished-at="2020-07-07T00:32:10 IST">
          <params>
            <param index="0">
              <value>
                <![CDATA[admin@mindtree.com]]>
              </value>
            </param>
            <param index="1">
              <value>
                <![CDATA[admin]]>
              </value>
            </param>
            <param index="2">
              <value>
                <![CDATA[AirAsia]]>
              </value>
            </param>
            <param index="3">
              <value>
                <![CDATA[Mandhya (Karnataka) - Coimbatore (Tamil Nadu)]]>
              </value>
            </param>
            <param index="4">
              <value>
                <![CDATA[3000]]>
              </value>
            </param>
            <param index="5">
              <value>
                <![CDATA[07/09/2020]]>
              </value>
            </param>
            <param index="6">
              <value>
                <![CDATA[05:00]]>
              </value>
            </param>
            <param index="7">
              <value>
                <![CDATA[07/10/2020]]>
              </value>
            </param>
            <param index="8">
              <value>
                <![CDATA[11:00]]>
              </value>
            </param>
          </params>
          <reporter-output>
          </reporter-output>
        </test-method> <!-- Validatearrivaltime -->
        <test-method status="PASS" signature="teardown()[pri:0, instance:com.skillassure.happytrip.tests.ScheduleFlightTestCase8@1f59a598]" name="teardown" is-config="true" duration-ms="1230" started-at="2020-07-07T00:32:10 IST" finished-at="2020-07-07T00:32:11 IST">
          <reporter-output>
          </reporter-output>
        </test-method> <!-- teardown -->
      </class> <!-- com.skillassure.happytrip.tests.ScheduleFlightTestCase8 -->
      <class name="com.skillassure.happytrip.tests.ScheduleFlightTestCase9">
        <test-method status="PASS" signature="setup()[pri:0, instance:com.skillassure.happytrip.tests.ScheduleFlightTestCase9@1e178745]" name="setup" is-config="true" duration-ms="6884" started-at="2020-07-07T00:32:11 IST" finished-at="2020-07-07T00:32:18 IST">
          <reporter-output>
          </reporter-output>
        </test-method> <!-- setup -->
        <test-method status="PASS" signature="Validatebusinessfill(java.lang.String, java.lang.String, java.lang.String, java.lang.String, java.lang.String, java.lang.String, java.lang.String, java.lang.String, java.lang.String, java.lang.String)[pri:0, instance:com.skillassure.happytrip.tests.ScheduleFlightTestCase9@1e178745]" name="Validatebusinessfill" duration-ms="4558" started-at="2020-07-07T00:32:18 IST" data-provider="getexceldata" finished-at="2020-07-07T00:32:23 IST">
          <params>
            <param index="0">
              <value>
                <![CDATA[admin@mindtree.com]]>
              </value>
            </param>
            <param index="1">
              <value>
                <![CDATA[admin]]>
              </value>
            </param>
            <param index="2">
              <value>
                <![CDATA[AirAsia]]>
              </value>
            </param>
            <param index="3">
              <value>
                <![CDATA[Mandhya (Karnataka) - Coimbatore (Tamil Nadu)]]>
              </value>
            </param>
            <param index="4">
              <value>
                <![CDATA[3000]]>
              </value>
            </param>
            <param index="5">
              <value>
                <![CDATA[07/09/2020]]>
              </value>
            </param>
            <param index="6">
              <value>
                <![CDATA[05:00]]>
              </value>
            </param>
            <param index="7">
              <value>
                <![CDATA[07/10/2020]]>
              </value>
            </param>
            <param index="8">
              <value>
                <![CDATA[11:00]]>
              </value>
            </param>
            <param index="9">
              <value>
                <![CDATA[25000]]>
              </value>
            </param>
          </params>
          <reporter-output>
          </reporter-output>
        </test-method> <!-- Validatebusinessfill -->
        <test-method status="PASS" signature="teardown()[pri:0, instance:com.skillassure.happytrip.tests.ScheduleFlightTestCase9@1e178745]" name="teardown" is-config="true" duration-ms="900" started-at="2020-07-07T00:32:23 IST" finished-at="2020-07-07T00:32:23 IST">
          <reporter-output>
          </reporter-output>
        </test-method> <!-- teardown -->
      </class> <!-- com.skillassure.happytrip.tests.ScheduleFlightTestCase9 -->
      <class name="com.skillassure.happytrip.tests.ScheduleFlightTestCase10">
        <test-method status="PASS" signature="setup()[pri:0, instance:com.skillassure.happytrip.tests.ScheduleFlightTestCase10@192c3f1e]" name="setup" is-config="true" duration-ms="7018" started-at="2020-07-07T00:32:24 IST" finished-at="2020-07-07T00:32:31 IST">
          <reporter-output>
          </reporter-output>
        </test-method> <!-- setup -->
        <test-method status="FAIL" signature="Validatesignupbutton(java.lang.String, java.lang.String, java.lang.String, java.lang.String, java.lang.String, java.lang.String, java.lang.String, java.lang.String, java.lang.String, java.lang.String, java.lang.String)[pri:0, instance:com.skillassure.happytrip.tests.ScheduleFlightTestCase10@192c3f1e]" name="Validatesignupbutton" duration-ms="24455" started-at="2020-07-07T00:32:31 IST" data-provider="getexceldata" finished-at="2020-07-07T00:32:55 IST">
          <params>
            <param index="0">
              <value>
                <![CDATA[admin@mindtree.com]]>
              </value>
            </param>
            <param index="1">
              <value>
                <![CDATA[admin]]>
              </value>
            </param>
            <param index="2">
              <value>
                <![CDATA[AirAsia]]>
              </value>
            </param>
            <param index="3">
              <value>
                <![CDATA[Mandhya (Karnataka) - Coimbatore (Tamil Nadu)]]>
              </value>
            </param>
            <param index="4">
              <value>
                <![CDATA[3000]]>
              </value>
            </param>
            <param index="5">
              <value>
                <![CDATA[07/09/2020]]>
              </value>
            </param>
            <param index="6">
              <value>
                <![CDATA[05:00]]>
              </value>
            </param>
            <param index="7">
              <value>
                <![CDATA[07/10/2020]]>
              </value>
            </param>
            <param index="8">
              <value>
                <![CDATA[11:00]]>
              </value>
            </param>
            <param index="9">
              <value>
                <![CDATA[25000]]>
              </value>
            </param>
            <param index="10">
              <value>
                <![CDATA[6000]]>
              </value>
            </param>
          </params>
          <exception class="org.openqa.selenium.NoSuchElementException">
            <message>
              <![CDATA[no such element: Unable to locate element: {"method":"css selector","selector":"#signInButtn"}
  (Session info: chrome=83.0.4103.116)
For documentation on this error, please visit: https://www.seleniumhq.org/exceptions/no_such_element.html
Build info: version: '3.141.59', revision: 'e82be7d358', time: '2018-11-14T08:17:03'
System info: host: 'DESKTOP-9RVS270', ip: '192.168.31.110', os.name: 'Windows 10', os.arch: 'amd64', os.version: '10.0', java.version: '1.8.0_202'
Driver info: org.openqa.selenium.chrome.ChromeDriver
Capabilities {acceptInsecureCerts: false, browserName: chrome, browserVersion: 83.0.4103.116, chrome: {chromedriverVersion: 83.0.4103.39 (ccbf011cb2d2b..., userDataDir: C:\Users\prans\AppData\Loca...}, goog:chromeOptions: {debuggerAddress: localhost:60389}, javascriptEnabled: true, networkConnectionEnabled: false, pageLoadStrategy: normal, platform: WINDOWS, platformName: WINDOWS, proxy: Proxy(), setWindowRect: true, strictFileInteractability: false, timeouts: {implicit: 0, pageLoad: 300000, script: 30000}, unhandledPromptBehavior: dismiss and notify, webauthn:virtualAuthenticators: true}
Session ID: 4295c8ddb93a04d367f830cf64189963
*** Element info: {Using=id, value=signInButtn}]]>
            </message>
            <full-stacktrace>
              <![CDATA[org.openqa.selenium.NoSuchElementException: no such element: Unable to locate element: {"method":"css selector","selector":"#signInButtn"}
  (Session info: chrome=83.0.4103.116)
For documentation on this error, please visit: https://www.seleniumhq.org/exceptions/no_such_element.html
Build info: version: '3.141.59', revision: 'e82be7d358', time: '2018-11-14T08:17:03'
System info: host: 'DESKTOP-9RVS270', ip: '192.168.31.110', os.name: 'Windows 10', os.arch: 'amd64', os.version: '10.0', java.version: '1.8.0_202'
Driver info: org.openqa.selenium.chrome.ChromeDriver
Capabilities {acceptInsecureCerts: false, browserName: chrome, browserVersion: 83.0.4103.116, chrome: {chromedriverVersion: 83.0.4103.39 (ccbf011cb2d2b..., userDataDir: C:\Users\prans\AppData\Loca...}, goog:chromeOptions: {debuggerAddress: localhost:60389}, javascriptEnabled: true, networkConnectionEnabled: false, pageLoadStrategy: normal, platform: WINDOWS, platformName: WINDOWS, proxy: Proxy(), setWindowRect: true, strictFileInteractability: false, timeouts: {implicit: 0, pageLoad: 300000, script: 30000}, unhandledPromptBehavior: dismiss and notify, webauthn:virtualAuthenticators: true}
Session ID: 4295c8ddb93a04d367f830cf64189963
*** Element info: {Using=id, value=signInButtn}
at sun.reflect.NativeConstructorAccessorImpl.newInstance0(Native Method)
at sun.reflect.NativeConstructorAccessorImpl.newInstance(Unknown Source)
at sun.reflect.DelegatingConstructorAccessorImpl.newInstance(Unknown Source)
at java.lang.reflect.Constructor.newInstance(Unknown Source)
at org.openqa.selenium.remote.http.W3CHttpResponseCodec.createException(W3CHttpResponseCodec.java:187)
at org.openqa.selenium.remote.http.W3CHttpResponseCodec.decode(W3CHttpResponseCodec.java:122)
at org.openqa.selenium.remote.http.W3CHttpResponseCodec.decode(W3CHttpResponseCodec.java:49)
at org.openqa.selenium.remote.HttpCommandExecutor.execute(HttpCommandExecutor.java:158)
at org.openqa.selenium.remote.service.DriverCommandExecutor.execute(DriverCommandExecutor.java:83)
at org.openqa.selenium.remote.RemoteWebDriver.execute(RemoteWebDriver.java:552)
at org.openqa.selenium.remote.RemoteWebDriver.findElement(RemoteWebDriver.java:323)
at org.openqa.selenium.remote.RemoteWebDriver.findElementById(RemoteWebDriver.java:372)
at org.openqa.selenium.By$ById.findElement(By.java:188)
at org.openqa.selenium.remote.RemoteWebDriver.findElement(RemoteWebDriver.java:315)
at sun.reflect.GeneratedMethodAccessor5.invoke(Unknown Source)
at sun.reflect.DelegatingMethodAccessorImpl.invoke(Unknown Source)
at java.lang.reflect.Method.invoke(Unknown Source)
at org.openqa.selenium.support.events.EventFiringWebDriver.lambda$new$1(EventFiringWebDriver.java:105)
at com.sun.proxy.$Proxy25.findElement(Unknown Source)
at org.openqa.selenium.support.events.EventFiringWebDriver.findElement(EventFiringWebDriver.java:194)
at org.openqa.selenium.support.pagefactory.DefaultElementLocator.findElement(DefaultElementLocator.java:69)
at org.openqa.selenium.support.pagefactory.internal.LocatingElementHandler.invoke(LocatingElementHandler.java:38)
at com.sun.proxy.$Proxy29.click(Unknown Source)
at com.skillassure.happytrip.pages.FillScheduleFlightDetails.add(FillScheduleFlightDetails.java:152)
at com.skillassure.happytrip.pages.FillScheduleFlightDetails.fillscheduledata(FillScheduleFlightDetails.java:251)
at com.skillassure.happytrip.tests.ScheduleFlightTestCase10.Validatesignupbutton(ScheduleFlightTestCase10.java:43)
at sun.reflect.NativeMethodAccessorImpl.invoke0(Native Method)
at sun.reflect.NativeMethodAccessorImpl.invoke(Unknown Source)
at sun.reflect.DelegatingMethodAccessorImpl.invoke(Unknown Source)
at java.lang.reflect.Method.invoke(Unknown Source)
at org.testng.internal.MethodInvocationHelper.invokeMethod(MethodInvocationHelper.java:134)
at org.testng.internal.TestInvoker.invokeMethod(TestInvoker.java:597)
at org.testng.internal.TestInvoker.invokeTestMethod(TestInvoker.java:173)
at org.testng.internal.MethodRunner.runInSequence(MethodRunner.java:46)
at org.testng.internal.TestInvoker$MethodInvocationAgent.invoke(TestInvoker.java:816)
at org.testng.internal.TestInvoker.invokeTestMethods(TestInvoker.java:146)
at org.testng.internal.TestMethodWorker.invokeTestMethods(TestMethodWorker.java:146)
at org.testng.internal.TestMethodWorker.run(TestMethodWorker.java:128)
at java.util.ArrayList.forEach(Unknown Source)
at org.testng.TestRunner.privateRun(TestRunner.java:766)
at org.testng.TestRunner.run(TestRunner.java:587)
at org.testng.SuiteRunner.runTest(SuiteRunner.java:384)
at org.testng.SuiteRunner.runSequentially(SuiteRunner.java:378)
at org.testng.SuiteRunner.privateRun(SuiteRunner.java:337)
at org.testng.SuiteRunner.run(SuiteRunner.java:286)
at org.testng.SuiteRunnerWorker.runSuite(SuiteRunnerWorker.java:53)
at org.testng.SuiteRunnerWorker.run(SuiteRunnerWorker.java:96)
at org.testng.TestNG.runSuitesSequentially(TestNG.java:1187)
at org.testng.TestNG.runSuitesLocally(TestNG.java:1109)
at org.testng.TestNG.runSuites(TestNG.java:1039)
at org.testng.TestNG.run(TestNG.java:1007)
at org.testng.remote.AbstractRemoteTestNG.run(AbstractRemoteTestNG.java:115)
at org.testng.remote.RemoteTestNG.initAndRun(RemoteTestNG.java:251)
at org.testng.remote.RemoteTestNG.main(RemoteTestNG.java:77)
]]>
            </full-stacktrace>
          </exception> <!-- org.openqa.selenium.NoSuchElementException -->
          <reporter-output>
          </reporter-output>
        </test-method> <!-- Validatesignupbutton -->
        <test-method status="PASS" signature="teardown()[pri:0, instance:com.skillassure.happytrip.tests.ScheduleFlightTestCase10@192c3f1e]" name="teardown" is-config="true" duration-ms="865" started-at="2020-07-07T00:32:55 IST" finished-at="2020-07-07T00:32:56 IST">
          <reporter-output>
          </reporter-output>
        </test-method> <!-- teardown -->
      </class> <!-- com.skillassure.happytrip.tests.ScheduleFlightTestCase10 -->
      <class name="com.skillassure.happytrip.tests.ScheduleFlightTestCase2">
        <test-method status="PASS" signature="setup()[pri:0, instance:com.skillassure.happytrip.tests.ScheduleFlightTestCase2@385e9564]" name="setup" is-config="true" duration-ms="8333" started-at="2020-07-07T00:30:51 IST" finished-at="2020-07-07T00:30:59 IST">
          <reporter-output>
          </reporter-output>
        </test-method> <!-- setup -->
        <test-method status="PASS" signature="validateFlightSelect(java.lang.String, java.lang.String, java.lang.String)[pri:0, instance:com.skillassure.happytrip.tests.ScheduleFlightTestCase2@385e9564]" name="validateFlightSelect" duration-ms="2403" started-at="2020-07-07T00:30:59 IST" data-provider="getexceldata" finished-at="2020-07-07T00:31:02 IST">
          <params>
            <param index="0">
              <value>
                <![CDATA[admin@mindtree.com]]>
              </value>
            </param>
            <param index="1">
              <value>
                <![CDATA[admin]]>
              </value>
            </param>
            <param index="2">
              <value>
                <![CDATA[AirAsia]]>
              </value>
            </param>
          </params>
          <reporter-output>
          </reporter-output>
        </test-method> <!-- validateFlightSelect -->
        <test-method status="PASS" signature="teardown()[pri:0, instance:com.skillassure.happytrip.tests.ScheduleFlightTestCase2@385e9564]" name="teardown" is-config="true" duration-ms="724" started-at="2020-07-07T00:31:02 IST" finished-at="2020-07-07T00:31:02 IST">
          <reporter-output>
          </reporter-output>
        </test-method> <!-- teardown -->
      </class> <!-- com.skillassure.happytrip.tests.ScheduleFlightTestCase2 -->
      <class name="com.skillassure.happytrip.tests.ScheduleFlightTestCase3">
        <test-method status="PASS" signature="setup()[pri:0, instance:com.skillassure.happytrip.tests.ScheduleFlightTestCase3@5b94b04d]" name="setup" is-config="true" duration-ms="7126" started-at="2020-07-07T00:31:02 IST" finished-at="2020-07-07T00:31:10 IST">
          <reporter-output>
          </reporter-output>
        </test-method> <!-- setup -->
        <test-method status="PASS" signature="validateroutesdetails(java.lang.String, java.lang.String, java.lang.String, java.lang.String)[pri:0, instance:com.skillassure.happytrip.tests.ScheduleFlightTestCase3@5b94b04d]" name="validateroutesdetails" duration-ms="2463" started-at="2020-07-07T00:31:10 IST" data-provider="getexceldata" finished-at="2020-07-07T00:31:12 IST">
          <params>
            <param index="0">
              <value>
                <![CDATA[admin@mindtree.com]]>
              </value>
            </param>
            <param index="1">
              <value>
                <![CDATA[admin]]>
              </value>
            </param>
            <param index="2">
              <value>
                <![CDATA[AirAsia]]>
              </value>
            </param>
            <param index="3">
              <value>
                <![CDATA[Mandhya (Karnataka) - Coimbatore (Tamil Nadu)]]>
              </value>
            </param>
          </params>
          <reporter-output>
          </reporter-output>
        </test-method> <!-- validateroutesdetails -->
        <test-method status="PASS" signature="teardown()[pri:0, instance:com.skillassure.happytrip.tests.ScheduleFlightTestCase3@5b94b04d]" name="teardown" is-config="true" duration-ms="1316" started-at="2020-07-07T00:31:12 IST" finished-at="2020-07-07T00:31:13 IST">
          <reporter-output>
          </reporter-output>
        </test-method> <!-- teardown -->
      </class> <!-- com.skillassure.happytrip.tests.ScheduleFlightTestCase3 -->
      <class name="com.skillassure.happytrip.tests.ScheduleFlightTestCase4">
        <test-method status="PASS" signature="setup()[pri:0, instance:com.skillassure.happytrip.tests.ScheduleFlightTestCase4@8c3b9d]" name="setup" is-config="true" duration-ms="6778" started-at="2020-07-07T00:31:14 IST" finished-at="2020-07-07T00:31:20 IST">
          <reporter-output>
          </reporter-output>
        </test-method> <!-- setup -->
        <test-method status="PASS" signature="validatedistance(java.lang.String, java.lang.String, java.lang.String, java.lang.String, java.lang.String)[pri:0, instance:com.skillassure.happytrip.tests.ScheduleFlightTestCase4@8c3b9d]" name="validatedistance" duration-ms="2958" started-at="2020-07-07T00:31:20 IST" data-provider="getexceldata" finished-at="2020-07-07T00:31:23 IST">
          <params>
            <param index="0">
              <value>
                <![CDATA[admin@mindtree.com]]>
              </value>
            </param>
            <param index="1">
              <value>
                <![CDATA[admin]]>
              </value>
            </param>
            <param index="2">
              <value>
                <![CDATA[AirAsia]]>
              </value>
            </param>
            <param index="3">
              <value>
                <![CDATA[Mandhya (Karnataka) - Coimbatore (Tamil Nadu)]]>
              </value>
            </param>
            <param index="4">
              <value>
                <![CDATA[3000]]>
              </value>
            </param>
          </params>
          <reporter-output>
          </reporter-output>
        </test-method> <!-- validatedistance -->
        <test-method status="PASS" signature="teardown()[pri:0, instance:com.skillassure.happytrip.tests.ScheduleFlightTestCase4@8c3b9d]" name="teardown" is-config="true" duration-ms="811" started-at="2020-07-07T00:31:23 IST" finished-at="2020-07-07T00:31:24 IST">
          <reporter-output>
          </reporter-output>
        </test-method> <!-- teardown -->
      </class> <!-- com.skillassure.happytrip.tests.ScheduleFlightTestCase4 -->
      <class name="com.skillassure.happytrip.tests.ScheduleFlightTestCase5">
        <test-method status="PASS" signature="setup()[pri:0, instance:com.skillassure.happytrip.tests.ScheduleFlightTestCase5@4c39bec8]" name="setup" is-config="true" duration-ms="7474" started-at="2020-07-07T00:31:24 IST" finished-at="2020-07-07T00:31:32 IST">
          <reporter-output>
          </reporter-output>
        </test-method> <!-- setup -->
        <test-method status="PASS" signature="ValidatedepartureDate(java.lang.String, java.lang.String, java.lang.String, java.lang.String, java.lang.String, java.lang.String)[pri:0, instance:com.skillassure.happytrip.tests.ScheduleFlightTestCase5@4c39bec8]" name="ValidatedepartureDate" duration-ms="3294" started-at="2020-07-07T00:31:32 IST" data-provider="getexceldata" finished-at="2020-07-07T00:31:35 IST">
          <params>
            <param index="0">
              <value>
                <![CDATA[admin@mindtree.com]]>
              </value>
            </param>
            <param index="1">
              <value>
                <![CDATA[admin]]>
              </value>
            </param>
            <param index="2">
              <value>
                <![CDATA[AirAsia]]>
              </value>
            </param>
            <param index="3">
              <value>
                <![CDATA[Mandhya (Karnataka) - Coimbatore (Tamil Nadu)]]>
              </value>
            </param>
            <param index="4">
              <value>
                <![CDATA[3000]]>
              </value>
            </param>
            <param index="5">
              <value>
                <![CDATA[07/09/2020]]>
              </value>
            </param>
          </params>
          <reporter-output>
          </reporter-output>
        </test-method> <!-- ValidatedepartureDate -->
        <test-method status="PASS" signature="teardown()[pri:0, instance:com.skillassure.happytrip.tests.ScheduleFlightTestCase5@4c39bec8]" name="teardown" is-config="true" duration-ms="826" started-at="2020-07-07T00:31:35 IST" finished-at="2020-07-07T00:31:36 IST">
          <reporter-output>
          </reporter-output>
        </test-method> <!-- teardown -->
      </class> <!-- com.skillassure.happytrip.tests.ScheduleFlightTestCase5 -->
    </test> <!-- Test -->
  </suite> <!-- Suite -->
</testng-results>
