<?xml version="1.0" encoding="UTF-8"?>
<testng-results skipped="0" failed="1" ignored="0" total="10" passed="9">
  <reporter-output>
  </reporter-output>
  <suite name="Suite" duration-ms="131545" started-at="2020-07-08T17:29:19 IST" finished-at="2020-07-08T17:31:31 IST">
    <groups>
    </groups>
    <test name="Test" duration-ms="131545" started-at="2020-07-08T17:29:19 IST" finished-at="2020-07-08T17:31:31 IST">
      <class name="com.skillassure.happytrip.tests.ScheduleFlightTestCase1">
        <test-method status="PASS" signature="setup()[pri:0, instance:com.skillassure.happytrip.tests.ScheduleFlightTestCase1@385e9564]" name="setup" is-config="true" duration-ms="9769" started-at="2020-07-08T17:29:21 IST" finished-at="2020-07-08T17:29:31 IST">
          <reporter-output>
          </reporter-output>
        </test-method> <!-- setup -->
        <test-method status="PASS" signature="validatelogindetails(java.lang.String, java.lang.String)[pri:0, instance:com.skillassure.happytrip.tests.ScheduleFlightTestCase1@385e9564]" name="validatelogindetails" duration-ms="1358" started-at="2020-07-08T17:29:31 IST" data-provider="getexceldata" finished-at="2020-07-08T17:29:32 IST">
          <params>
            <param index="0">
              <value>
                <![CDATA[admin@mindtree.com]]>
              </value>
            </param>
            <param index="1">
              <value>
                <![CDATA[admin]]>
              </value>
            </param>
          </params>
          <reporter-output>
          </reporter-output>
        </test-method> <!-- validatelogindetails -->
        <test-method status="PASS" signature="teardown()[pri:0, instance:com.skillassure.happytrip.tests.ScheduleFlightTestCase1@385e9564]" name="teardown" is-config="true" duration-ms="795" started-at="2020-07-08T17:29:32 IST" finished-at="2020-07-08T17:29:33 IST">
          <reporter-output>
          </reporter-output>
        </test-method> <!-- teardown -->
      </class> <!-- com.skillassure.happytrip.tests.ScheduleFlightTestCase1 -->
      <class name="com.skillassure.happytrip.tests.ScheduleFlightTestCase6">
        <test-method status="PASS" signature="setup()[pri:0, instance:com.skillassure.happytrip.tests.ScheduleFlightTestCase6@7ee8290b]" name="setup" is-config="true" duration-ms="7233" started-at="2020-07-08T17:30:15 IST" finished-at="2020-07-08T17:30:22 IST">
          <reporter-output>
          </reporter-output>
        </test-method> <!-- setup -->
        <test-method status="PASS" signature="ValidatedepartureTime(java.lang.String, java.lang.String, java.lang.String, java.lang.String, java.lang.String, java.lang.String, java.lang.String)[pri:0, instance:com.skillassure.happytrip.tests.ScheduleFlightTestCase6@7ee8290b]" name="ValidatedepartureTime" duration-ms="2719" started-at="2020-07-08T17:30:22 IST" data-provider="getexceldata" finished-at="2020-07-08T17:30:25 IST">
          <params>
            <param index="0">
              <value>
                <![CDATA[admin@mindtree.com]]>
              </value>
            </param>
            <param index="1">
              <value>
                <![CDATA[admin]]>
              </value>
            </param>
            <param index="2">
              <value>
                <![CDATA[AirAsia]]>
              </value>
            </param>
            <param index="3">
              <value>
                <![CDATA[Mandhya (Karnataka) - Coimbatore (Tamil Nadu)]]>
              </value>
            </param>
            <param index="4">
              <value>
                <![CDATA[3000]]>
              </value>
            </param>
            <param index="5">
              <value>
                <![CDATA[07/09/2020]]>
              </value>
            </param>
            <param index="6">
              <value>
                <![CDATA[05:00]]>
              </value>
            </param>
          </params>
          <reporter-output>
          </reporter-output>
        </test-method> <!-- ValidatedepartureTime -->
        <test-method status="PASS" signature="teardown()[pri:0, instance:com.skillassure.happytrip.tests.ScheduleFlightTestCase6@7ee8290b]" name="teardown" is-config="true" duration-ms="751" started-at="2020-07-08T17:30:25 IST" finished-at="2020-07-08T17:30:26 IST">
          <reporter-output>
          </reporter-output>
        </test-method> <!-- teardown -->
      </class> <!-- com.skillassure.happytrip.tests.ScheduleFlightTestCase6 -->
      <class name="com.skillassure.happytrip.tests.ScheduleFlightTestCase7">
        <test-method status="PASS" signature="setup()[pri:0, instance:com.skillassure.happytrip.tests.ScheduleFlightTestCase7@1f59a598]" name="setup" is-config="true" duration-ms="6873" started-at="2020-07-08T17:30:26 IST" finished-at="2020-07-08T17:30:33 IST">
          <reporter-output>
          </reporter-output>
        </test-method> <!-- setup -->
        <test-method status="PASS" signature="validatearrivaldate(java.lang.String, java.lang.String, java.lang.String, java.lang.String, java.lang.String, java.lang.String, java.lang.String, java.lang.String)[pri:0, instance:com.skillassure.happytrip.tests.ScheduleFlightTestCase7@1f59a598]" name="validatearrivaldate" duration-ms="3053" started-at="2020-07-08T17:30:33 IST" data-provider="getexceldata" finished-at="2020-07-08T17:30:36 IST">
          <params>
            <param index="0">
              <value>
                <![CDATA[admin@mindtree.com]]>
              </value>
            </param>
            <param index="1">
              <value>
                <![CDATA[admin]]>
              </value>
            </param>
            <param index="2">
              <value>
                <![CDATA[AirAsia]]>
              </value>
            </param>
            <param index="3">
              <value>
                <![CDATA[Mandhya (Karnataka) - Coimbatore (Tamil Nadu)]]>
              </value>
            </param>
            <param index="4">
              <value>
                <![CDATA[3000]]>
              </value>
            </param>
            <param index="5">
              <value>
                <![CDATA[07/09/2020]]>
              </value>
            </param>
            <param index="6">
              <value>
                <![CDATA[05:00]]>
              </value>
            </param>
            <param index="7">
              <value>
                <![CDATA[07/10/2020]]>
              </value>
            </param>
          </params>
          <reporter-output>
          </reporter-output>
        </test-method> <!-- validatearrivaldate -->
        <test-method status="PASS" signature="teardown()[pri:0, instance:com.skillassure.happytrip.tests.ScheduleFlightTestCase7@1f59a598]" name="teardown" is-config="true" duration-ms="755" started-at="2020-07-08T17:30:36 IST" finished-at="2020-07-08T17:30:37 IST">
          <reporter-output>
          </reporter-output>
        </test-method> <!-- teardown -->
      </class> <!-- com.skillassure.happytrip.tests.ScheduleFlightTestCase7 -->
      <class name="com.skillassure.happytrip.tests.ScheduleFlightTestCase8">
        <test-method status="PASS" signature="setup()[pri:0, instance:com.skillassure.happytrip.tests.ScheduleFlightTestCase8@1e178745]" name="setup" is-config="true" duration-ms="6807" started-at="2020-07-08T17:30:37 IST" finished-at="2020-07-08T17:30:44 IST">
          <reporter-output>
          </reporter-output>
        </test-method> <!-- setup -->
        <test-method status="PASS" signature="Validatearrivaltime(java.lang.String, java.lang.String, java.lang.String, java.lang.String, java.lang.String, java.lang.String, java.lang.String, java.lang.String, java.lang.String)[pri:0, instance:com.skillassure.happytrip.tests.ScheduleFlightTestCase8@1e178745]" name="Validatearrivaltime" duration-ms="3229" started-at="2020-07-08T17:30:44 IST" data-provider="getexceldata" finished-at="2020-07-08T17:30:47 IST">
          <params>
            <param index="0">
              <value>
                <![CDATA[admin@mindtree.com]]>
              </value>
            </param>
            <param index="1">
              <value>
                <![CDATA[admin]]>
              </value>
            </param>
            <param index="2">
              <value>
                <![CDATA[AirAsia]]>
              </value>
            </param>
            <param index="3">
              <value>
                <![CDATA[Mandhya (Karnataka) - Coimbatore (Tamil Nadu)]]>
              </value>
            </param>
            <param index="4">
              <value>
                <![CDATA[3000]]>
              </value>
            </param>
            <param index="5">
              <value>
                <![CDATA[07/09/2020]]>
              </value>
            </param>
            <param index="6">
              <value>
                <![CDATA[05:00]]>
              </value>
            </param>
            <param index="7">
              <value>
                <![CDATA[07/10/2020]]>
              </value>
            </param>
            <param index="8">
              <value>
                <![CDATA[11:00]]>
              </value>
            </param>
          </params>
          <reporter-output>
          </reporter-output>
        </test-method> <!-- Validatearrivaltime -->
        <test-method status="PASS" signature="teardown()[pri:0, instance:com.skillassure.happytrip.tests.ScheduleFlightTestCase8@1e178745]" name="teardown" is-config="true" duration-ms="739" started-at="2020-07-08T17:30:47 IST" finished-at="2020-07-08T17:30:48 IST">
          <reporter-output>
          </reporter-output>
        </test-method> <!-- teardown -->
      </class> <!-- com.skillassure.happytrip.tests.ScheduleFlightTestCase8 -->
      <class name="com.skillassure.happytrip.tests.ScheduleFlightTestCase10">
        <test-method status="PASS" signature="setup()[pri:0, instance:com.skillassure.happytrip.tests.ScheduleFlightTestCase10@26b3fd41]" name="setup" is-config="true" duration-ms="7080" started-at="2020-07-08T17:30:59 IST" finished-at="2020-07-08T17:31:06 IST">
          <reporter-output>
          </reporter-output>
        </test-method> <!-- setup -->
        <test-method status="FAIL" signature="Validatesignupbutton(java.lang.String, java.lang.String, java.lang.String, java.lang.String, java.lang.String, java.lang.String, java.lang.String, java.lang.String, java.lang.String, java.lang.String, java.lang.String)[pri:0, instance:com.skillassure.happytrip.tests.ScheduleFlightTestCase10@26b3fd41]" name="Validatesignupbutton" duration-ms="24252" started-at="2020-07-08T17:31:06 IST" data-provider="getexceldata" finished-at="2020-07-08T17:31:30 IST">
          <params>
            <param index="0">
              <value>
                <![CDATA[admin@mindtree.com]]>
              </value>
            </param>
            <param index="1">
              <value>
                <![CDATA[admin]]>
              </value>
            </param>
            <param index="2">
              <value>
                <![CDATA[AirAsia]]>
              </value>
            </param>
            <param index="3">
              <value>
                <![CDATA[Mandhya (Karnataka) - Coimbatore (Tamil Nadu)]]>
              </value>
            </param>
            <param index="4">
              <value>
                <![CDATA[3000]]>
              </value>
            </param>
            <param index="5">
              <value>
                <![CDATA[07/09/2020]]>
              </value>
            </param>
            <param index="6">
              <value>
                <![CDATA[05:00]]>
              </value>
            </param>
            <param index="7">
              <value>
                <![CDATA[07/10/2020]]>
              </value>
            </param>
            <param index="8">
              <value>
                <![CDATA[11:00]]>
              </value>
            </param>
            <param index="9">
              <value>
                <![CDATA[25000]]>
              </value>
            </param>
            <param index="10">
              <value>
                <![CDATA[6000]]>
              </value>
            </param>
          </params>
          <exception class="java.lang.NoClassDefFoundError">
            <message>
              <![CDATA[com/sun/mail/util/MailLogger]]>
            </message>
            <full-stacktrace>
              <![CDATA[java.lang.NoClassDefFoundError: com/sun/mail/util/MailLogger
at javax.mail.Session.initLogger(Session.java:230)
at javax.mail.Session.<init>(Session.java:214)
at javax.mail.Session.getDefaultInstance(Session.java:325)
at javax.mail.Session.getDefaultInstance(Session.java:365)
at com.skillassure.happytrip.utils.SendMailSSLWithAttachment.fail(SendMailSSLWithAttachment.java:34)
at com.skillassure.happytrip.utils.TestUtil.takeScreenshotAtEndOfTest(TestUtil.java:68)
at com.skillassure.happytrip.utils.WebEventListener.onException(WebEventListener.java:59)
at sun.reflect.NativeMethodAccessorImpl.invoke0(Native Method)
at sun.reflect.NativeMethodAccessorImpl.invoke(Unknown Source)
at sun.reflect.DelegatingMethodAccessorImpl.invoke(Unknown Source)
at java.lang.reflect.Method.invoke(Unknown Source)
at org.openqa.selenium.support.events.EventFiringWebDriver.lambda$new$0(EventFiringWebDriver.java:84)
at com.sun.proxy.$Proxy24.onException(Unknown Source)
at org.openqa.selenium.support.events.EventFiringWebDriver.lambda$new$1(EventFiringWebDriver.java:107)
at com.sun.proxy.$Proxy25.findElement(Unknown Source)
at org.openqa.selenium.support.events.EventFiringWebDriver.findElement(EventFiringWebDriver.java:194)
at org.openqa.selenium.support.pagefactory.DefaultElementLocator.findElement(DefaultElementLocator.java:69)
at org.openqa.selenium.support.pagefactory.internal.LocatingElementHandler.invoke(LocatingElementHandler.java:38)
at com.sun.proxy.$Proxy29.click(Unknown Source)
at com.skillassure.happytrip.pages.FillScheduleFlightDetails.add(FillScheduleFlightDetails.java:152)
at com.skillassure.happytrip.pages.FillScheduleFlightDetails.fillscheduledata(FillScheduleFlightDetails.java:251)
at com.skillassure.happytrip.tests.ScheduleFlightTestCase10.Validatesignupbutton(ScheduleFlightTestCase10.java:43)
at sun.reflect.NativeMethodAccessorImpl.invoke0(Native Method)
at sun.reflect.NativeMethodAccessorImpl.invoke(Unknown Source)
at sun.reflect.DelegatingMethodAccessorImpl.invoke(Unknown Source)
at java.lang.reflect.Method.invoke(Unknown Source)
at org.testng.internal.MethodInvocationHelper.invokeMethod(MethodInvocationHelper.java:134)
at org.testng.internal.TestInvoker.invokeMethod(TestInvoker.java:597)
at org.testng.internal.TestInvoker.invokeTestMethod(TestInvoker.java:173)
at org.testng.internal.MethodRunner.runInSequence(MethodRunner.java:46)
at org.testng.internal.TestInvoker$MethodInvocationAgent.invoke(TestInvoker.java:816)
at org.testng.internal.TestInvoker.invokeTestMethods(TestInvoker.java:146)
at org.testng.internal.TestMethodWorker.invokeTestMethods(TestMethodWorker.java:146)
at org.testng.internal.TestMethodWorker.run(TestMethodWorker.java:128)
at java.util.ArrayList.forEach(Unknown Source)
at org.testng.TestRunner.privateRun(TestRunner.java:766)
at org.testng.TestRunner.run(TestRunner.java:587)
at org.testng.SuiteRunner.runTest(SuiteRunner.java:384)
at org.testng.SuiteRunner.runSequentially(SuiteRunner.java:378)
at org.testng.SuiteRunner.privateRun(SuiteRunner.java:337)
at org.testng.SuiteRunner.run(SuiteRunner.java:286)
at org.testng.SuiteRunnerWorker.runSuite(SuiteRunnerWorker.java:53)
at org.testng.SuiteRunnerWorker.run(SuiteRunnerWorker.java:96)
at org.testng.TestNG.runSuitesSequentially(TestNG.java:1187)
at org.testng.TestNG.runSuitesLocally(TestNG.java:1109)
at org.testng.TestNG.runSuites(TestNG.java:1039)
at org.testng.TestNG.run(TestNG.java:1007)
at org.testng.remote.AbstractRemoteTestNG.run(AbstractRemoteTestNG.java:115)
at org.testng.remote.RemoteTestNG.initAndRun(RemoteTestNG.java:251)
at org.testng.remote.RemoteTestNG.main(RemoteTestNG.java:77)
Caused by: java.lang.ClassNotFoundException: com.sun.mail.util.MailLogger
at java.net.URLClassLoader.findClass(Unknown Source)
at java.lang.ClassLoader.loadClass(Unknown Source)
at sun.misc.Launcher$AppClassLoader.loadClass(Unknown Source)
at java.lang.ClassLoader.loadClass(Unknown Source)
... 50 more
]]>
            </full-stacktrace>
          </exception> <!-- java.lang.NoClassDefFoundError -->
          <reporter-output>
          </reporter-output>
        </test-method> <!-- Validatesignupbutton -->
        <test-method status="PASS" signature="teardown()[pri:0, instance:com.skillassure.happytrip.tests.ScheduleFlightTestCase10@26b3fd41]" name="teardown" is-config="true" duration-ms="812" started-at="2020-07-08T17:31:30 IST" finished-at="2020-07-08T17:31:31 IST">
          <reporter-output>
          </reporter-output>
        </test-method> <!-- teardown -->
      </class> <!-- com.skillassure.happytrip.tests.ScheduleFlightTestCase10 -->
      <class name="com.skillassure.happytrip.tests.ScheduleFlightTestCase9">
        <test-method status="PASS" signature="setup()[pri:0, instance:com.skillassure.happytrip.tests.ScheduleFlightTestCase9@192c3f1e]" name="setup" is-config="true" duration-ms="6813" started-at="2020-07-08T17:30:48 IST" finished-at="2020-07-08T17:30:54 IST">
          <reporter-output>
          </reporter-output>
        </test-method> <!-- setup -->
        <test-method status="PASS" signature="Validatebusinessfill(java.lang.String, java.lang.String, java.lang.String, java.lang.String, java.lang.String, java.lang.String, java.lang.String, java.lang.String, java.lang.String, java.lang.String)[pri:0, instance:com.skillassure.happytrip.tests.ScheduleFlightTestCase9@192c3f1e]" name="Validatebusinessfill" duration-ms="3393" started-at="2020-07-08T17:30:54 IST" data-provider="getexceldata" finished-at="2020-07-08T17:30:58 IST">
          <params>
            <param index="0">
              <value>
                <![CDATA[admin@mindtree.com]]>
              </value>
            </param>
            <param index="1">
              <value>
                <![CDATA[admin]]>
              </value>
            </param>
            <param index="2">
              <value>
                <![CDATA[AirAsia]]>
              </value>
            </param>
            <param index="3">
              <value>
                <![CDATA[Mandhya (Karnataka) - Coimbatore (Tamil Nadu)]]>
              </value>
            </param>
            <param index="4">
              <value>
                <![CDATA[3000]]>
              </value>
            </param>
            <param index="5">
              <value>
                <![CDATA[07/09/2020]]>
              </value>
            </param>
            <param index="6">
              <value>
                <![CDATA[05:00]]>
              </value>
            </param>
            <param index="7">
              <value>
                <![CDATA[07/10/2020]]>
              </value>
            </param>
            <param index="8">
              <value>
                <![CDATA[11:00]]>
              </value>
            </param>
            <param index="9">
              <value>
                <![CDATA[25000]]>
              </value>
            </param>
          </params>
          <reporter-output>
          </reporter-output>
        </test-method> <!-- Validatebusinessfill -->
        <test-method status="PASS" signature="teardown()[pri:0, instance:com.skillassure.happytrip.tests.ScheduleFlightTestCase9@192c3f1e]" name="teardown" is-config="true" duration-ms="833" started-at="2020-07-08T17:30:58 IST" finished-at="2020-07-08T17:30:59 IST">
          <reporter-output>
          </reporter-output>
        </test-method> <!-- teardown -->
      </class> <!-- com.skillassure.happytrip.tests.ScheduleFlightTestCase9 -->
      <class name="com.skillassure.happytrip.tests.ScheduleFlightTestCase2">
        <test-method status="PASS" signature="setup()[pri:0, instance:com.skillassure.happytrip.tests.ScheduleFlightTestCase2@5b94b04d]" name="setup" is-config="true" duration-ms="7350" started-at="2020-07-08T17:29:33 IST" finished-at="2020-07-08T17:29:40 IST">
          <reporter-output>
          </reporter-output>
        </test-method> <!-- setup -->
        <test-method status="PASS" signature="validateFlightSelect(java.lang.String, java.lang.String, java.lang.String)[pri:0, instance:com.skillassure.happytrip.tests.ScheduleFlightTestCase2@5b94b04d]" name="validateFlightSelect" duration-ms="1829" started-at="2020-07-08T17:29:40 IST" data-provider="getexceldata" finished-at="2020-07-08T17:29:42 IST">
          <params>
            <param index="0">
              <value>
                <![CDATA[admin@mindtree.com]]>
              </value>
            </param>
            <param index="1">
              <value>
                <![CDATA[admin]]>
              </value>
            </param>
            <param index="2">
              <value>
                <![CDATA[AirAsia]]>
              </value>
            </param>
          </params>
          <reporter-output>
          </reporter-output>
        </test-method> <!-- validateFlightSelect -->
        <test-method status="PASS" signature="teardown()[pri:0, instance:com.skillassure.happytrip.tests.ScheduleFlightTestCase2@5b94b04d]" name="teardown" is-config="true" duration-ms="742" started-at="2020-07-08T17:29:42 IST" finished-at="2020-07-08T17:29:43 IST">
          <reporter-output>
          </reporter-output>
        </test-method> <!-- teardown -->
      </class> <!-- com.skillassure.happytrip.tests.ScheduleFlightTestCase2 -->
      <class name="com.skillassure.happytrip.tests.ScheduleFlightTestCase3">
        <test-method status="PASS" signature="setup()[pri:0, instance:com.skillassure.happytrip.tests.ScheduleFlightTestCase3@8c3b9d]" name="setup" is-config="true" duration-ms="6894" started-at="2020-07-08T17:29:43 IST" finished-at="2020-07-08T17:29:50 IST">
          <reporter-output>
          </reporter-output>
        </test-method> <!-- setup -->
        <test-method status="PASS" signature="validateroutesdetails(java.lang.String, java.lang.String, java.lang.String, java.lang.String)[pri:0, instance:com.skillassure.happytrip.tests.ScheduleFlightTestCase3@8c3b9d]" name="validateroutesdetails" duration-ms="1923" started-at="2020-07-08T17:29:50 IST" data-provider="getexceldata" finished-at="2020-07-08T17:29:52 IST">
          <params>
            <param index="0">
              <value>
                <![CDATA[admin@mindtree.com]]>
              </value>
            </param>
            <param index="1">
              <value>
                <![CDATA[admin]]>
              </value>
            </param>
            <param index="2">
              <value>
                <![CDATA[AirAsia]]>
              </value>
            </param>
            <param index="3">
              <value>
                <![CDATA[Mandhya (Karnataka) - Coimbatore (Tamil Nadu)]]>
              </value>
            </param>
          </params>
          <reporter-output>
          </reporter-output>
        </test-method> <!-- validateroutesdetails -->
        <test-method status="PASS" signature="teardown()[pri:0, instance:com.skillassure.happytrip.tests.ScheduleFlightTestCase3@8c3b9d]" name="teardown" is-config="true" duration-ms="1581" started-at="2020-07-08T17:29:52 IST" finished-at="2020-07-08T17:29:53 IST">
          <reporter-output>
          </reporter-output>
        </test-method> <!-- teardown -->
      </class> <!-- com.skillassure.happytrip.tests.ScheduleFlightTestCase3 -->
      <class name="com.skillassure.happytrip.tests.ScheduleFlightTestCase4">
        <test-method status="PASS" signature="setup()[pri:0, instance:com.skillassure.happytrip.tests.ScheduleFlightTestCase4@4c39bec8]" name="setup" is-config="true" duration-ms="7343" started-at="2020-07-08T17:29:53 IST" finished-at="2020-07-08T17:30:01 IST">
          <reporter-output>
          </reporter-output>
        </test-method> <!-- setup -->
        <test-method status="PASS" signature="validatedistance(java.lang.String, java.lang.String, java.lang.String, java.lang.String, java.lang.String)[pri:0, instance:com.skillassure.happytrip.tests.ScheduleFlightTestCase4@4c39bec8]" name="validatedistance" duration-ms="2532" started-at="2020-07-08T17:30:01 IST" data-provider="getexceldata" finished-at="2020-07-08T17:30:03 IST">
          <params>
            <param index="0">
              <value>
                <![CDATA[admin@mindtree.com]]>
              </value>
            </param>
            <param index="1">
              <value>
                <![CDATA[admin]]>
              </value>
            </param>
            <param index="2">
              <value>
                <![CDATA[AirAsia]]>
              </value>
            </param>
            <param index="3">
              <value>
                <![CDATA[Mandhya (Karnataka) - Coimbatore (Tamil Nadu)]]>
              </value>
            </param>
            <param index="4">
              <value>
                <![CDATA[3000]]>
              </value>
            </param>
          </params>
          <reporter-output>
          </reporter-output>
        </test-method> <!-- validatedistance -->
        <test-method status="PASS" signature="teardown()[pri:0, instance:com.skillassure.happytrip.tests.ScheduleFlightTestCase4@4c39bec8]" name="teardown" is-config="true" duration-ms="1205" started-at="2020-07-08T17:30:03 IST" finished-at="2020-07-08T17:30:05 IST">
          <reporter-output>
          </reporter-output>
        </test-method> <!-- teardown -->
      </class> <!-- com.skillassure.happytrip.tests.ScheduleFlightTestCase4 -->
      <class name="com.skillassure.happytrip.tests.ScheduleFlightTestCase5">
        <test-method status="PASS" signature="setup()[pri:0, instance:com.skillassure.happytrip.tests.ScheduleFlightTestCase5@f79e]" name="setup" is-config="true" duration-ms="6763" started-at="2020-07-08T17:30:05 IST" finished-at="2020-07-08T17:30:11 IST">
          <reporter-output>
          </reporter-output>
        </test-method> <!-- setup -->
        <test-method status="PASS" signature="ValidatedepartureDate(java.lang.String, java.lang.String, java.lang.String, java.lang.String, java.lang.String, java.lang.String)[pri:0, instance:com.skillassure.happytrip.tests.ScheduleFlightTestCase5@f79e]" name="ValidatedepartureDate" duration-ms="2545" started-at="2020-07-08T17:30:11 IST" data-provider="getexceldata" finished-at="2020-07-08T17:30:14 IST">
          <params>
            <param index="0">
              <value>
                <![CDATA[admin@mindtree.com]]>
              </value>
            </param>
            <param index="1">
              <value>
                <![CDATA[admin]]>
              </value>
            </param>
            <param index="2">
              <value>
                <![CDATA[AirAsia]]>
              </value>
            </param>
            <param index="3">
              <value>
                <![CDATA[Mandhya (Karnataka) - Coimbatore (Tamil Nadu)]]>
              </value>
            </param>
            <param index="4">
              <value>
                <![CDATA[3000]]>
              </value>
            </param>
            <param index="5">
              <value>
                <![CDATA[07/09/2020]]>
              </value>
            </param>
          </params>
          <reporter-output>
          </reporter-output>
        </test-method> <!-- ValidatedepartureDate -->
        <test-method status="PASS" signature="teardown()[pri:0, instance:com.skillassure.happytrip.tests.ScheduleFlightTestCase5@f79e]" name="teardown" is-config="true" duration-ms="948" started-at="2020-07-08T17:30:14 IST" finished-at="2020-07-08T17:30:15 IST">
          <reporter-output>
          </reporter-output>
        </test-method> <!-- teardown -->
      </class> <!-- com.skillassure.happytrip.tests.ScheduleFlightTestCase5 -->
    </test> <!-- Test -->
  </suite> <!-- Suite -->
</testng-results>
